<?xml version="1.0" encoding="UTF-8"?>
<!-- Generated by org.testng.reporters.JUnitXMLReporter -->
<testsuite hostname="PINKYPRIYA" ignored="0" name="chromeTest(failed)(failed)" tests="1" failures="1" timestamp="08 Nov 2020 13:53:59 GMT" time="99.687" errors="0">
  <testcase name="test" time="99.559" classname="org.tasktestng.FlipParallel">
    <failure type="org.openqa.selenium.WebDriverException" message="unknown error: DevToolsActivePort file doesn&amp;apos;t exist
Build info: version: &amp;apos;3.141.59&amp;apos;, revision: &amp;apos;e82be7d358&amp;apos;, time: &amp;apos;2018-11-14T08:25:53&amp;apos;
System info: host: &amp;apos;PINKYPRIYA&amp;apos;, ip: &amp;apos;192.168.43.39&amp;apos;, os.name: &amp;apos;Windows 8.1&amp;apos;, os.arch: &amp;apos;amd64&amp;apos;, os.version: &amp;apos;6.3&amp;apos;, java.version: &amp;apos;1.8.0_65&amp;apos;
Driver info: driver.version: ChromeDriver
remote stacktrace: Backtrace:
	Ordinal0 [0x00B4D383+3134339]
	Ordinal0 [0x00A3A171+2007409]
	Ordinal0 [0x008DAEE8+569064]
	Ordinal0 [0x008609B1+68017]
	Ordinal0 [0x0085CBD1+52177]
	Ordinal0 [0x00880DFC+200188]
	Ordinal0 [0x00880C1D+199709]
	Ordinal0 [0x0087EB0B+191243]
	Ordinal0 [0x00862E77+77431]
	Ordinal0 [0x00863E3E+81470]
	Ordinal0 [0x00863DC9+81353]
	Ordinal0 [0x00A50CD9+2100441]
	GetHandleVerifier [0x00CBB75A+1396954]
	GetHandleVerifier [0x00CBB3D9+1396057]
	GetHandleVerifier [0x00CC7126+1444518]
	GetHandleVerifier [0x00CBBCE8+1398376]
	Ordinal0 [0x00A47F51+2064209]
	Ordinal0 [0x00A522EB+2106091]
	Ordinal0 [0x00A52411+2106385]
	Ordinal0 [0x00A649C4+2181572]
	BaseThreadInitThunk [0x75136A14+36]
	RtlInitializeExceptionChain [0x772AAB4F+143]
	RtlInitializeExceptionChain [0x772AAB1A+90]
">
      <![CDATA[org.openqa.selenium.WebDriverException: unknown error: DevToolsActivePort file doesn't exist
Build info: version: '3.141.59', revision: 'e82be7d358', time: '2018-11-14T08:25:53'
System info: host: 'PINKYPRIYA', ip: '192.168.43.39', os.name: 'Windows 8.1', os.arch: 'amd64', os.version: '6.3', java.version: '1.8.0_65'
Driver info: driver.version: ChromeDriver
remote stacktrace: Backtrace:
	Ordinal0 [0x00B4D383+3134339]
	Ordinal0 [0x00A3A171+2007409]
	Ordinal0 [0x008DAEE8+569064]
	Ordinal0 [0x008609B1+68017]
	Ordinal0 [0x0085CBD1+52177]
	Ordinal0 [0x00880DFC+200188]
	Ordinal0 [0x00880C1D+199709]
	Ordinal0 [0x0087EB0B+191243]
	Ordinal0 [0x00862E77+77431]
	Ordinal0 [0x00863E3E+81470]
	Ordinal0 [0x00863DC9+81353]
	Ordinal0 [0x00A50CD9+2100441]
	GetHandleVerifier [0x00CBB75A+1396954]
	GetHandleVerifier [0x00CBB3D9+1396057]
	GetHandleVerifier [0x00CC7126+1444518]
	GetHandleVerifier [0x00CBBCE8+1398376]
	Ordinal0 [0x00A47F51+2064209]
	Ordinal0 [0x00A522EB+2106091]
	Ordinal0 [0x00A52411+2106385]
	Ordinal0 [0x00A649C4+2181572]
	BaseThreadInitThunk [0x75136A14+36]
	RtlInitializeExceptionChain [0x772AAB4F+143]
	RtlInitializeExceptionChain [0x772AAB1A+90]

	at org.openqa.selenium.remote.W3CHandshakeResponse.lambda$errorHandler$0(W3CHandshakeResponse.java:62)
	at org.openqa.selenium.remote.HandshakeResponse.lambda$getResponseFunction$0(HandshakeResponse.java:30)
	at org.openqa.selenium.remote.ProtocolHandshake.lambda$createSession$0(ProtocolHandshake.java:126)
	at java.util.stream.ReferencePipeline$3$1.accept(ReferencePipeline.java:193)
	at java.util.Spliterators$ArraySpliterator.tryAdvance(Spliterators.java:958)
	at java.util.stream.ReferencePipeline.forEachWithCancel(ReferencePipeline.java:126)
	at java.util.stream.AbstractPipeline.copyIntoWithCancel(AbstractPipeline.java:498)
	at java.util.stream.AbstractPipeline.copyInto(AbstractPipeline.java:485)
	at java.util.stream.AbstractPipeline.wrapAndCopyInto(AbstractPipeline.java:471)
	at java.util.stream.FindOps$FindOp.evaluateSequential(FindOps.java:152)
	at java.util.stream.AbstractPipeline.evaluate(AbstractPipeline.java:234)
	at java.util.stream.ReferencePipeline.findFirst(ReferencePipeline.java:464)
	at org.openqa.selenium.remote.ProtocolHandshake.createSession(ProtocolHandshake.java:128)
	at org.openqa.selenium.remote.ProtocolHandshake.createSession(ProtocolHandshake.java:74)
	at org.openqa.selenium.remote.HttpCommandExecutor.execute(HttpCommandExecutor.java:136)
	at org.openqa.selenium.remote.service.DriverCommandExecutor.execute(DriverCommandExecutor.java:83)
	at org.openqa.selenium.remote.RemoteWebDriver.execute(RemoteWebDriver.java:552)
	at org.openqa.selenium.remote.RemoteWebDriver.startSession(RemoteWebDriver.java:213)
	at org.openqa.selenium.remote.RemoteWebDriver.<init>(RemoteWebDriver.java:131)
	at org.openqa.selenium.chrome.ChromeDriver.<init>(ChromeDriver.java:181)
	at org.openqa.selenium.chrome.ChromeDriver.<init>(ChromeDriver.java:168)
	at org.openqa.selenium.chrome.ChromeDriver.<init>(ChromeDriver.java:123)
	at org.tasktestng.FlipParallel.test(FlipParallel.java:24)
	at java.util.concurrent.FutureTask.run(FutureTask.java:266)
	at java.util.concurrent.ThreadPoolExecutor.runWorker(ThreadPoolExecutor.java:1142)
	at java.util.concurrent.ThreadPoolExecutor$Worker.run(ThreadPoolExecutor.java:617)
	at java.lang.Thread.run(Thread.java:745)
... Removed 20 stack frames]]>
    </failure>
  </testcase> <!-- test -->
</testsuite> <!-- chromeTest(failed)(failed) -->
