<?xml version="1.0" encoding="UTF-8"?>
<!-- Generated by org.testng.reporters.JUnitReportReporter -->
<testsuite skipped="1" hostname="PINKYPRIYA" name="org.rerun.FaceBook" tests="2" failures="0" timestamp="22 Nov 2020 10:54:17 GMT" time="12.684" errors="1">
  <testcase name="bMethod" time="12.498" classname="org.rerun.FaceBook">
    <error type="org.openqa.selenium.SessionNotCreatedException" message="session not created: This version of ChromeDriver only supports Chrome version 85
Build info: version: &#039;3.141.59&#039;, revision: &#039;e82be7d358&#039;, time: &#039;2018-11-14T08:25:53&#039;
System info: host: &#039;PINKYPRIYA&#039;, ip: &#039;192.168.43.39&#039;, os.name: &#039;Windows 8.1&#039;, os.arch: &#039;amd64&#039;, os.version: &#039;6.3&#039;, java.version: &#039;1.8.0_65&#039;
Driver info: driver.version: ChromeDriver
remote stacktrace: Backtrace:
	Ordinal0 [0x0137D383+3134339]
	Ordinal0 [0x0126A171+2007409]
	Ordinal0 [0x0110AEE8+569064]
	Ordinal0 [0x0109139F+70559]
	Ordinal0 [0x0108CC63+52323]
	Ordinal0 [0x010B0DFC+200188]
	Ordinal0 [0x010B0C1D+199709]
	Ordinal0 [0x010AEB0B+191243]
	Ordinal0 [0x01092E77+77431]
	Ordinal0 [0x01093E3E+81470]
	Ordinal0 [0x01093DC9+81353]
	Ordinal0 [0x01280CD9+2100441]
	GetHandleVerifier [0x014EB75A+1396954]
	GetHandleVerifier [0x014EB3D9+1396057]
	GetHandleVerifier [0x014F7126+1444518]
	GetHandleVerifier [0x014EBCE8+1398376]
	Ordinal0 [0x01277F51+2064209]
	Ordinal0 [0x012822EB+2106091]
	Ordinal0 [0x01282411+2106385]
	Ordinal0 [0x012949C4+2181572]
	BaseThreadInitThunk [0x74BD6A14+36]
	RtlInitializeExceptionChain [0x7717AB4F+143]
	RtlInitializeExceptionChain [0x7717AB1A+90]
">
      <![CDATA[org.openqa.selenium.SessionNotCreatedException: session not created: This version of ChromeDriver only supports Chrome version 85
Build info: version: '3.141.59', revision: 'e82be7d358', time: '2018-11-14T08:25:53'
System info: host: 'PINKYPRIYA', ip: '192.168.43.39', os.name: 'Windows 8.1', os.arch: 'amd64', os.version: '6.3', java.version: '1.8.0_65'
Driver info: driver.version: ChromeDriver
remote stacktrace: Backtrace:
	Ordinal0 [0x0137D383+3134339]
	Ordinal0 [0x0126A171+2007409]
	Ordinal0 [0x0110AEE8+569064]
	Ordinal0 [0x0109139F+70559]
	Ordinal0 [0x0108CC63+52323]
	Ordinal0 [0x010B0DFC+200188]
	Ordinal0 [0x010B0C1D+199709]
	Ordinal0 [0x010AEB0B+191243]
	Ordinal0 [0x01092E77+77431]
	Ordinal0 [0x01093E3E+81470]
	Ordinal0 [0x01093DC9+81353]
	Ordinal0 [0x01280CD9+2100441]
	GetHandleVerifier [0x014EB75A+1396954]
	GetHandleVerifier [0x014EB3D9+1396057]
	GetHandleVerifier [0x014F7126+1444518]
	GetHandleVerifier [0x014EBCE8+1398376]
	Ordinal0 [0x01277F51+2064209]
	Ordinal0 [0x012822EB+2106091]
	Ordinal0 [0x01282411+2106385]
	Ordinal0 [0x012949C4+2181572]
	BaseThreadInitThunk [0x74BD6A14+36]
	RtlInitializeExceptionChain [0x7717AB4F+143]
	RtlInitializeExceptionChain [0x7717AB1A+90]

	at sun.reflect.NativeConstructorAccessorImpl.newInstance0(Native Method)
	at sun.reflect.NativeConstructorAccessorImpl.newInstance(NativeConstructorAccessorImpl.java:62)
	at sun.reflect.DelegatingConstructorAccessorImpl.newInstance(DelegatingConstructorAccessorImpl.java:45)
	at java.lang.reflect.Constructor.newInstance(Constructor.java:422)
	at org.openqa.selenium.remote.W3CHandshakeResponse.lambda$errorHandler$0(W3CHandshakeResponse.java:62)
	at org.openqa.selenium.remote.HandshakeResponse.lambda$getResponseFunction$0(HandshakeResponse.java:30)
	at org.openqa.selenium.remote.ProtocolHandshake.lambda$createSession$0(ProtocolHandshake.java:126)
	at java.util.stream.ReferencePipeline$3$1.accept(ReferencePipeline.java:193)
	at java.util.Spliterators$ArraySpliterator.tryAdvance(Spliterators.java:958)
	at java.util.stream.ReferencePipeline.forEachWithCancel(ReferencePipeline.java:126)
	at java.util.stream.AbstractPipeline.copyIntoWithCancel(AbstractPipeline.java:498)
	at java.util.stream.AbstractPipeline.copyInto(AbstractPipeline.java:485)
	at java.util.stream.AbstractPipeline.wrapAndCopyInto(AbstractPipeline.java:471)
	at java.util.stream.FindOps$FindOp.evaluateSequential(FindOps.java:152)
	at java.util.stream.AbstractPipeline.evaluate(AbstractPipeline.java:234)
	at java.util.stream.ReferencePipeline.findFirst(ReferencePipeline.java:464)
	at org.openqa.selenium.remote.ProtocolHandshake.createSession(ProtocolHandshake.java:128)
	at org.openqa.selenium.remote.ProtocolHandshake.createSession(ProtocolHandshake.java:74)
	at org.openqa.selenium.remote.HttpCommandExecutor.execute(HttpCommandExecutor.java:136)
	at org.openqa.selenium.remote.service.DriverCommandExecutor.execute(DriverCommandExecutor.java:83)
	at org.openqa.selenium.remote.RemoteWebDriver.execute(RemoteWebDriver.java:552)
	at org.openqa.selenium.remote.RemoteWebDriver.startSession(RemoteWebDriver.java:213)
	at org.openqa.selenium.remote.RemoteWebDriver.<init>(RemoteWebDriver.java:131)
	at org.openqa.selenium.chrome.ChromeDriver.<init>(ChromeDriver.java:181)
	at org.openqa.selenium.chrome.ChromeDriver.<init>(ChromeDriver.java:168)
	at org.openqa.selenium.chrome.ChromeDriver.<init>(ChromeDriver.java:123)
	at org.utility.BaseClass.launchBrowser(BaseClass.java:29)
	at org.rerun.FaceBook.bMethod(FaceBook.java:16)
	at sun.reflect.NativeMethodAccessorImpl.invoke0(Native Method)
	at sun.reflect.NativeMethodAccessorImpl.invoke(NativeMethodAccessorImpl.java:62)
	at sun.reflect.DelegatingMethodAccessorImpl.invoke(DelegatingMethodAccessorImpl.java:43)
	at java.lang.reflect.Method.invoke(Method.java:497)
	at org.testng.internal.MethodInvocationHelper.invokeMethod(MethodInvocationHelper.java:108)
	at org.testng.internal.Invoker.invokeConfigurationMethod(Invoker.java:523)
	at org.testng.internal.Invoker.invokeConfigurations(Invoker.java:224)
	at org.testng.internal.Invoker.invokeMethod(Invoker.java:599)
	at org.testng.internal.Invoker.invokeTestMethod(Invoker.java:869)
	at org.testng.internal.Invoker.invokeTestMethods(Invoker.java:1193)
	at org.testng.internal.TestMethodWorker.invokeTestMethods(TestMethodWorker.java:126)
	at org.testng.internal.TestMethodWorker.run(TestMethodWorker.java:109)
	at org.testng.TestRunner.privateRun(TestRunner.java:744)
	at org.testng.TestRunner.run(TestRunner.java:602)
	at org.testng.SuiteRunner.runTest(SuiteRunner.java:380)
	at org.testng.SuiteRunner.runSequentially(SuiteRunner.java:375)
	at org.testng.SuiteRunner.privateRun(SuiteRunner.java:340)
	at org.testng.SuiteRunner.run(SuiteRunner.java:289)
	at org.testng.SuiteRunnerWorker.runSuite(SuiteRunnerWorker.java:52)
	at org.testng.SuiteRunnerWorker.run(SuiteRunnerWorker.java:86)
	at org.testng.TestNG.runSuitesSequentially(TestNG.java:1301)
	at org.testng.TestNG.runSuitesLocally(TestNG.java:1226)
	at org.testng.TestNG.runSuites(TestNG.java:1144)
	at org.testng.TestNG.run(TestNG.java:1115)
	at org.testng.remote.AbstractRemoteTestNG.run(AbstractRemoteTestNG.java:132)
	at org.testng.remote.RemoteTestNG.initAndRun(RemoteTestNG.java:230)
	at org.testng.remote.RemoteTestNG.main(RemoteTestNG.java:76)
]]>
    </error>
  </testcase> <!-- bMethod -->
  <testcase name="test2" time="0.186" classname="org.rerun.FaceBook">
    <skipped/>
  </testcase> <!-- test2 -->
</testsuite> <!-- org.rerun.FaceBook -->
